<?xml version="1.0" encoding="UTF-8"?>
<!-- Generated by org.testng.reporters.JUnitXMLReporter -->
<testsuite ignored="1" hostname="Bhuvi" failures="2" tests="2" name="Search and Cart Smoke" time="0.4" errors="0" timestamp="2026-04-27T10:16:38 IST">
  <testcase classname="com.amazon.checkout.tests.OrderFlowTest" name="testSearchAndAddToCart" time="0.0">
    <failure type="java.lang.RuntimeException" message="java.lang.RuntimeException: Failed to read Excel: src/test/resources/testdata/products.xlsx">
      <![CDATA[java.lang.RuntimeException: java.lang.RuntimeException: Failed to read Excel: src/test/resources/testdata/products.xlsx
at java.base/java.util.concurrent.ThreadPoolExecutor.runWorker(ThreadPoolExecutor.java:1144)
at java.base/java.util.concurrent.ThreadPoolExecutor$Worker.run(ThreadPoolExecutor.java:642)
at java.base/java.lang.Thread.run(Thread.java:1583)
Caused by: java.lang.RuntimeException: Failed to read Excel: src/test/resources/testdata/products.xlsx
at com.amazon.framework.utils.ExcelUtils.getSheetData(ExcelUtils.java:66)
at com.amazon.checkout.tests.OrderFlowTest.searchProducts(OrderFlowTest.java:41)
... 12 more
Caused by: java.io.FileNotFoundException: src\test\resources\testdata\products.xlsx (The system cannot find the file specified)
at java.base/java.io.FileInputStream.open0(Native Method)
at java.base/java.io.FileInputStream.open(FileInputStream.java:213)
at java.base/java.io.FileInputStream.<init>(FileInputStream.java:152)
at java.base/java.io.FileInputStream.<init>(FileInputStream.java:106)
at com.amazon.framework.utils.ExcelUtils.getSheetData(ExcelUtils.java:42)
... 18 more
... Removed 15 stack frames]]>
    </failure>
  </testcase> <!-- testSearchAndAddToCart -->
  <testcase classname="com.amazon.checkout.tests.OrderFlowTest" name="testEndToEndOrderFlow" time="0.394">
    <failure type="org.testng.internal.reflect.MethodMatcherException" message="
[public void com.amazon.checkout.tests.OrderFlowTest.testEndToEndOrderFlow(java.lang.String,java.lang.String,java.lang.String,java.lang.String,java.lang.String,java.lang.String,java.lang.String,java.lang.String,java.lang.String)] has no parameters defined but was found to be using a data provider (either explicitly specified or inherited from class level annotation).
Data provider mismatch
Method: testEndToEndOrderFlow([java.lang.String arg0, java.lang.String arg1, java.lang.String arg2, java.lang.String arg3, java.lang.String arg4, java.lang.String arg5, java.lang.String arg6, java.lang.String arg7, java.lang.String arg8])
Arguments: [(java.lang.String) email]">
      <![CDATA[org.testng.internal.reflect.MethodMatcherException: 
[public void com.amazon.checkout.tests.OrderFlowTest.testEndToEndOrderFlow(java.lang.String,java.lang.String,java.lang.String,java.lang.String,java.lang.String,java.lang.String,java.lang.String,java.lang.String,java.lang.String)] has no parameters defined but was found to be using a data provider (either explicitly specified or inherited from class level annotation).
Data provider mismatch
Method: testEndToEndOrderFlow([java.lang.String arg0, java.lang.String arg1, java.lang.String arg2, java.lang.String arg3, java.lang.String arg4, java.lang.String arg5, java.lang.String arg6, java.lang.String arg7, java.lang.String arg8])
Arguments: [(java.lang.String) email]
at java.base/java.util.concurrent.ThreadPoolExecutor.runWorker(ThreadPoolExecutor.java:1144)
at java.base/java.util.concurrent.ThreadPoolExecutor$Worker.run(ThreadPoolExecutor.java:642)
at java.base/java.lang.Thread.run(Thread.java:1583)
... Removed 7 stack frames]]>
    </failure>
  </testcase> <!-- testEndToEndOrderFlow -->
  <testcase classname="com.amazon.checkout.tests.OrderFlowTest" name="testCartOperations" time="0.0">
    <ignored/>
  </testcase> <!-- testCartOperations -->
</testsuite> <!-- Search and Cart Smoke -->
