<?xml version="1.0" encoding="UTF-8"?>
<testng-results ignored="0" total="3" passed="1" failed="2" skipped="0">
  <reporter-output>
  </reporter-output>
  <suite started-at="2026-04-27T10:16:35 IST" name="Amazon Smoke Suite" finished-at="2026-04-27T10:16:38 IST" duration-ms="2908">
    <groups>
      <group name="p1">
        <method signature="OrderFlowTest.testEndToEndOrderFlow(java.lang.String,java.lang.String,java.lang.String,java.lang.String,java.lang.String,java.lang.String,java.lang.String,java.lang.String,java.lang.String)[pri:0, instance:com.amazon.checkout.tests.OrderFlowTest@1cd201a8]" name="testEndToEndOrderFlow" class="com.amazon.checkout.tests.OrderFlowTest"/>
        <method signature="OrderFlowTest.testSearchAndAddToCart(java.lang.String,java.lang.String)[pri:0, instance:com.amazon.checkout.tests.OrderFlowTest@1cd201a8]" name="testSearchAndAddToCart" class="com.amazon.checkout.tests.OrderFlowTest"/>
      </group> <!-- p1 -->
      <group name="product">
        <method signature="OrderFlowTest.testSearchAndAddToCart(java.lang.String,java.lang.String)[pri:0, instance:com.amazon.checkout.tests.OrderFlowTest@1cd201a8]" name="testSearchAndAddToCart" class="com.amazon.checkout.tests.OrderFlowTest"/>
      </group> <!-- product -->
      <group name="regression">
        <method signature="OrderFlowTest.testEndToEndOrderFlow(java.lang.String,java.lang.String,java.lang.String,java.lang.String,java.lang.String,java.lang.String,java.lang.String,java.lang.String,java.lang.String)[pri:0, instance:com.amazon.checkout.tests.OrderFlowTest@1cd201a8]" name="testEndToEndOrderFlow" class="com.amazon.checkout.tests.OrderFlowTest"/>
      </group> <!-- regression -->
      <group name="cucumber">
        <method signature="AbstractTestNGCucumberTests.runScenario(io.cucumber.testng.PickleWrapper,io.cucumber.testng.FeatureWrapper)[pri:0, instance:com.amazon.runners.CucumberRunner@20b5f2ac]" name="runScenario" class="io.cucumber.testng.AbstractTestNGCucumberTests"/>
      </group> <!-- cucumber -->
      <group name="smoke">
        <method signature="OrderFlowTest.testSearchAndAddToCart(java.lang.String,java.lang.String)[pri:0, instance:com.amazon.checkout.tests.OrderFlowTest@1cd201a8]" name="testSearchAndAddToCart" class="com.amazon.checkout.tests.OrderFlowTest"/>
      </group> <!-- smoke -->
      <group name="checkout">
        <method signature="OrderFlowTest.testEndToEndOrderFlow(java.lang.String,java.lang.String,java.lang.String,java.lang.String,java.lang.String,java.lang.String,java.lang.String,java.lang.String,java.lang.String)[pri:0, instance:com.amazon.checkout.tests.OrderFlowTest@1cd201a8]" name="testEndToEndOrderFlow" class="com.amazon.checkout.tests.OrderFlowTest"/>
      </group> <!-- checkout -->
    </groups>
    <test started-at="2026-04-27T10:16:35 IST" name="BDD Smoke Tests" finished-at="2026-04-27T10:16:37 IST" duration-ms="2497">
      <class name="com.amazon.runners.CucumberRunner">
        <test-method is-config="true" signature="setUpClass(org.testng.ITestContext)[pri:0, instance:com.amazon.runners.CucumberRunner@20b5f2ac]" started-at="2026-04-27T10:16:35 IST" name="setUpClass" finished-at="2026-04-27T10:16:35 IST" duration-ms="412" status="PASS">
          <params>
            <param index="0">
              <value>
                <![CDATA[org.testng.TestRunner@3887cf88]]>
              </value>
            </param>
          </params>
          <reporter-output>
          </reporter-output>
        </test-method> <!-- setUpClass -->
        <test-method signature="runScenario(io.cucumber.testng.PickleWrapper,io.cucumber.testng.FeatureWrapper)[pri:0, instance:com.amazon.runners.CucumberRunner@20b5f2ac]" started-at="2026-04-27T10:16:35 IST" name="runScenario" description="Runs Cucumber Scenarios" data-provider="scenarios" finished-at="2026-04-27T10:16:37 IST" duration-ms="1840" status="PASS">
          <params>
            <param index="0">
              <value>
                <![CDATA["Successful login with valid credentials"]]>
              </value>
            </param>
            <param index="1">
              <value>
                <![CDATA["Amazon Login"]]>
              </value>
            </param>
          </params>
          <reporter-output>
          </reporter-output>
        </test-method> <!-- runScenario -->
        <test-method is-config="true" signature="tearDownClass()[pri:0, instance:com.amazon.runners.CucumberRunner@20b5f2ac]" started-at="2026-04-27T10:16:37 IST" name="tearDownClass" finished-at="2026-04-27T10:16:37 IST" duration-ms="216" status="PASS">
          <reporter-output>
          </reporter-output>
        </test-method> <!-- tearDownClass -->
      </class> <!-- com.amazon.runners.CucumberRunner -->
    </test> <!-- BDD Smoke Tests -->
    <test started-at="2026-04-27T10:16:37 IST" name="Search and Cart Smoke" finished-at="2026-04-27T10:16:38 IST" duration-ms="400">
      <class name="com.amazon.checkout.tests.OrderFlowTest">
        <test-method is-config="true" signature="initSuite()[pri:0, instance:com.amazon.checkout.tests.OrderFlowTest@1cd201a8]" started-at="2026-04-27T10:16:34 IST" name="initSuite" finished-at="2026-04-27T10:16:35 IST" duration-ms="154" status="PASS">
          <reporter-output>
          </reporter-output>
        </test-method> <!-- initSuite -->
        <test-method signature="testEndToEndOrderFlow(java.lang.String,java.lang.String,java.lang.String,java.lang.String,java.lang.String,java.lang.String,java.lang.String,java.lang.String,java.lang.String)[pri:0, instance:com.amazon.checkout.tests.OrderFlowTest@1cd201a8]" started-at="2026-04-27T10:16:37 IST" name="testEndToEndOrderFlow" description="E2E order flow driven by Excel data" data-provider="orderData" finished-at="2026-04-27T10:16:38 IST" duration-ms="394" status="FAIL">
          <exception class="org.testng.internal.reflect.MethodMatcherException">
            <message>
              <![CDATA[
[public void com.amazon.checkout.tests.OrderFlowTest.testEndToEndOrderFlow(java.lang.String,java.lang.String,java.lang.String,java.lang.String,java.lang.String,java.lang.String,java.lang.String,java.lang.String,java.lang.String)] has no parameters defined but was found to be using a data provider (either explicitly specified or inherited from class level annotation).
Data provider mismatch
Method: testEndToEndOrderFlow([java.lang.String arg0, java.lang.String arg1, java.lang.String arg2, java.lang.String arg3, java.lang.String arg4, java.lang.String arg5, java.lang.String arg6, java.lang.String arg7, java.lang.String arg8])
Arguments: [(java.lang.String) email]]]>
            </message>
            <full-stacktrace>
              <![CDATA[org.testng.internal.reflect.MethodMatcherException: 
[public void com.amazon.checkout.tests.OrderFlowTest.testEndToEndOrderFlow(java.lang.String,java.lang.String,java.lang.String,java.lang.String,java.lang.String,java.lang.String,java.lang.String,java.lang.String,java.lang.String)] has no parameters defined but was found to be using a data provider (either explicitly specified or inherited from class level annotation).
Data provider mismatch
Method: testEndToEndOrderFlow([java.lang.String arg0, java.lang.String arg1, java.lang.String arg2, java.lang.String arg3, java.lang.String arg4, java.lang.String arg5, java.lang.String arg6, java.lang.String arg7, java.lang.String arg8])
Arguments: [(java.lang.String) email]
at org.testng.internal.reflect.DataProviderMethodMatcher.getConformingArguments(DataProviderMethodMatcher.java:46)
at org.testng.internal.Parameters.injectParameters(Parameters.java:909)
at org.testng.internal.invokers.MethodRunner.runInParallel(MethodRunner.java:107)
at org.testng.internal.invokers.TestInvoker$MethodInvocationAgent.invoke(TestInvoker.java:946)
at org.testng.internal.invokers.TestInvoker.invokeTestMethods(TestInvoker.java:200)
at org.testng.internal.invokers.TestMethodWorker.invokeTestMethods(TestMethodWorker.java:148)
at org.testng.internal.invokers.TestMethodWorker.run(TestMethodWorker.java:128)
at java.base/java.util.concurrent.ThreadPoolExecutor.runWorker(ThreadPoolExecutor.java:1144)
at java.base/java.util.concurrent.ThreadPoolExecutor$Worker.run(ThreadPoolExecutor.java:642)
at java.base/java.lang.Thread.run(Thread.java:1583)
]]>
            </full-stacktrace>
          </exception> <!-- org.testng.internal.reflect.MethodMatcherException -->
          <reporter-output>
          </reporter-output>
        </test-method> <!-- testEndToEndOrderFlow -->
        <test-method signature="testSearchAndAddToCart(java.lang.String,java.lang.String)[pri:0, instance:com.amazon.checkout.tests.OrderFlowTest@1cd201a8]" started-at="2026-04-27T10:16:37 IST" name="testSearchAndAddToCart" description="Search and add products to cart in parallel" data-provider="searchProducts" finished-at="2026-04-27T10:16:37 IST" duration-ms="0" status="FAIL">
          <exception class="java.lang.RuntimeException">
            <message>
              <![CDATA[java.lang.RuntimeException: Failed to read Excel: src/test/resources/testdata/products.xlsx]]>
            </message>
            <full-stacktrace>
              <![CDATA[java.lang.RuntimeException: java.lang.RuntimeException: Failed to read Excel: src/test/resources/testdata/products.xlsx
at org.testng.internal.invokers.MethodInvocationHelper.invokeMethodNoCheckedException(MethodInvocationHelper.java:57)
at org.testng.internal.invokers.MethodInvocationHelper.invokeDataProvider(MethodInvocationHelper.java:157)
at org.testng.internal.Parameters.handleParameters(Parameters.java:803)
at org.testng.internal.Parameters.handleParameters(Parameters.java:728)
at org.testng.internal.invokers.ParameterHandler.handleParameters(ParameterHandler.java:72)
at org.testng.internal.invokers.ParameterHandler.createParameters(ParameterHandler.java:51)
at org.testng.internal.invokers.TestInvoker$MethodInvocationAgent.invoke(TestInvoker.java:911)
at org.testng.internal.invokers.TestInvoker.invokeTestMethods(TestInvoker.java:200)
at org.testng.internal.invokers.TestMethodWorker.invokeTestMethods(TestMethodWorker.java:148)
at org.testng.internal.invokers.TestMethodWorker.run(TestMethodWorker.java:128)
at java.base/java.util.concurrent.ThreadPoolExecutor.runWorker(ThreadPoolExecutor.java:1144)
at java.base/java.util.concurrent.ThreadPoolExecutor$Worker.run(ThreadPoolExecutor.java:642)
at java.base/java.lang.Thread.run(Thread.java:1583)
Caused by: java.lang.RuntimeException: Failed to read Excel: src/test/resources/testdata/products.xlsx
at com.amazon.framework.utils.ExcelUtils.getSheetData(ExcelUtils.java:66)
at com.amazon.checkout.tests.OrderFlowTest.searchProducts(OrderFlowTest.java:41)
at java.base/jdk.internal.reflect.DirectMethodHandleAccessor.invoke(DirectMethodHandleAccessor.java:103)
at java.base/java.lang.reflect.Method.invoke(Method.java:580)
at org.testng.internal.invokers.MethodInvocationHelper.invokeMethod(MethodInvocationHelper.java:139)
at org.testng.internal.invokers.MethodInvocationHelper.invokeMethod(MethodInvocationHelper.java:84)
at org.testng.internal.invokers.MethodInvocationHelper.invokeMethodNoCheckedException(MethodInvocationHelper.java:53)
... 12 more
Caused by: java.io.FileNotFoundException: src\test\resources\testdata\products.xlsx (The system cannot find the file specified)
at java.base/java.io.FileInputStream.open0(Native Method)
at java.base/java.io.FileInputStream.open(FileInputStream.java:213)
at java.base/java.io.FileInputStream.<init>(FileInputStream.java:152)
at java.base/java.io.FileInputStream.<init>(FileInputStream.java:106)
at com.amazon.framework.utils.ExcelUtils.getSheetData(ExcelUtils.java:42)
... 18 more
]]>
            </full-stacktrace>
          </exception> <!-- java.lang.RuntimeException -->
          <reporter-output>
          </reporter-output>
        </test-method> <!-- testSearchAndAddToCart -->
        <test-method is-config="true" signature="tearDownSuite()[pri:0, instance:com.amazon.checkout.tests.OrderFlowTest@1cd201a8]" started-at="2026-04-27T10:16:38 IST" name="tearDownSuite" finished-at="2026-04-27T10:16:38 IST" duration-ms="43" status="PASS">
          <reporter-output>
          </reporter-output>
        </test-method> <!-- tearDownSuite -->
      </class> <!-- com.amazon.checkout.tests.OrderFlowTest -->
    </test> <!-- Search and Cart Smoke -->
  </suite> <!-- Amazon Smoke Suite -->
</testng-results>
