<?xml version="1.0" encoding="UTF-8"?>
<!-- Generated by org.testng.reporters.JUnitReportReporter -->
<testsuite hostname="Bhuvi" failures="0" tests="2" name="com.amazon.checkout.tests.OrderFlowTest" time="0.394" errors="2" timestamp="2026-04-27T10:16:38 IST" skipped="0">
  <testcase classname="com.amazon.checkout.tests.OrderFlowTest" name="testSearchAndAddToCart" time="0.000">
    <error message="java.lang.RuntimeException: Failed to read Excel: src/test/resources/testdata/products.xlsx" type="java.lang.RuntimeException">
      <![CDATA[java.lang.RuntimeException: java.lang.RuntimeException: Failed to read Excel: src/test/resources/testdata/products.xlsx
at org.testng.internal.invokers.MethodInvocationHelper.invokeMethodNoCheckedException(MethodInvocationHelper.java:57)
at org.testng.internal.invokers.MethodInvocationHelper.invokeDataProvider(MethodInvocationHelper.java:157)
at org.testng.internal.Parameters.handleParameters(Parameters.java:803)
at org.testng.internal.Parameters.handleParameters(Parameters.java:728)
at org.testng.internal.invokers.ParameterHandler.handleParameters(ParameterHandler.java:72)
at org.testng.internal.invokers.ParameterHandler.createParameters(ParameterHandler.java:51)
at org.testng.internal.invokers.TestInvoker$MethodInvocationAgent.invoke(TestInvoker.java:911)
at org.testng.internal.invokers.TestInvoker.invokeTestMethods(TestInvoker.java:200)
at org.testng.internal.invokers.TestMethodWorker.invokeTestMethods(TestMethodWorker.java:148)
at org.testng.internal.invokers.TestMethodWorker.run(TestMethodWorker.java:128)
at java.base/java.util.concurrent.ThreadPoolExecutor.runWorker(ThreadPoolExecutor.java:1144)
at java.base/java.util.concurrent.ThreadPoolExecutor$Worker.run(ThreadPoolExecutor.java:642)
at java.base/java.lang.Thread.run(Thread.java:1583)
Caused by: java.lang.RuntimeException: Failed to read Excel: src/test/resources/testdata/products.xlsx
at com.amazon.framework.utils.ExcelUtils.getSheetData(ExcelUtils.java:66)
at com.amazon.checkout.tests.OrderFlowTest.searchProducts(OrderFlowTest.java:41)
at java.base/jdk.internal.reflect.DirectMethodHandleAccessor.invoke(DirectMethodHandleAccessor.java:103)
at java.base/java.lang.reflect.Method.invoke(Method.java:580)
at org.testng.internal.invokers.MethodInvocationHelper.invokeMethod(MethodInvocationHelper.java:139)
at org.testng.internal.invokers.MethodInvocationHelper.invokeMethod(MethodInvocationHelper.java:84)
at org.testng.internal.invokers.MethodInvocationHelper.invokeMethodNoCheckedException(MethodInvocationHelper.java:53)
... 12 more
Caused by: java.io.FileNotFoundException: src\test\resources\testdata\products.xlsx (The system cannot find the file specified)
at java.base/java.io.FileInputStream.open0(Native Method)
at java.base/java.io.FileInputStream.open(FileInputStream.java:213)
at java.base/java.io.FileInputStream.<init>(FileInputStream.java:152)
at java.base/java.io.FileInputStream.<init>(FileInputStream.java:106)
at com.amazon.framework.utils.ExcelUtils.getSheetData(ExcelUtils.java:42)
... 18 more
]]>
    </error>
  </testcase> <!-- testSearchAndAddToCart -->
  <testcase classname="com.amazon.checkout.tests.OrderFlowTest" name="testEndToEndOrderFlow" time="0.394">
    <error message="
[public void com.amazon.checkout.tests.OrderFlowTest.testEndToEndOrderFlow(java.lang.String,java.lang.String,java.lang.String,java.lang.String,java.lang.String,java.lang.String,java.lang.String,java.lang.String,java.lang.String)] has no parameters defined but was found to be using a data provider (either explicitly specified or inherited from class level annotation).
Data provider mismatch
Method: testEndToEndOrderFlow([java.lang.String arg0, java.lang.String arg1, java.lang.String arg2, java.lang.String arg3, java.lang.String arg4, java.lang.String arg5, java.lang.String arg6, java.lang.String arg7, java.lang.String arg8])
Arguments: [(java.lang.String) email]" type="org.testng.internal.reflect.MethodMatcherException">
      <![CDATA[org.testng.internal.reflect.MethodMatcherException: 
[public void com.amazon.checkout.tests.OrderFlowTest.testEndToEndOrderFlow(java.lang.String,java.lang.String,java.lang.String,java.lang.String,java.lang.String,java.lang.String,java.lang.String,java.lang.String,java.lang.String)] has no parameters defined but was found to be using a data provider (either explicitly specified or inherited from class level annotation).
Data provider mismatch
Method: testEndToEndOrderFlow([java.lang.String arg0, java.lang.String arg1, java.lang.String arg2, java.lang.String arg3, java.lang.String arg4, java.lang.String arg5, java.lang.String arg6, java.lang.String arg7, java.lang.String arg8])
Arguments: [(java.lang.String) email]
at org.testng.internal.reflect.DataProviderMethodMatcher.getConformingArguments(DataProviderMethodMatcher.java:46)
at org.testng.internal.Parameters.injectParameters(Parameters.java:909)
at org.testng.internal.invokers.MethodRunner.runInParallel(MethodRunner.java:107)
at org.testng.internal.invokers.TestInvoker$MethodInvocationAgent.invoke(TestInvoker.java:946)
at org.testng.internal.invokers.TestInvoker.invokeTestMethods(TestInvoker.java:200)
at org.testng.internal.invokers.TestMethodWorker.invokeTestMethods(TestMethodWorker.java:148)
at org.testng.internal.invokers.TestMethodWorker.run(TestMethodWorker.java:128)
at java.base/java.util.concurrent.ThreadPoolExecutor.runWorker(ThreadPoolExecutor.java:1144)
at java.base/java.util.concurrent.ThreadPoolExecutor$Worker.run(ThreadPoolExecutor.java:642)
at java.base/java.lang.Thread.run(Thread.java:1583)
]]>
    </error>
  </testcase> <!-- testEndToEndOrderFlow -->
</testsuite> <!-- com.amazon.checkout.tests.OrderFlowTest -->
